{"message":"title is required","level":"error"}
{"message":"title is required","level":"error"}
{"message":"title is required","level":"error"}
{"message":"title is required","level":"error"}
{"message":"title is required","level":"error"}
{"message":"title is required","level":"error"}
{"message":"title is required","level":"error"}
{"message":"title is required","level":"error"}
{"message":"url is required","level":"error"}
{"message":"Invalid rating '4.5' supplied","level":"error"}
{"message":"Invalid rating '4' supplied","level":"error"}
{"message":"Invalid rating '5' supplied","level":"error"}
{"message":"Invalid rating '4' supplied","level":"error"}
{"message":"Bookmark with id a3a0cb6c-d958-4b48-964f-eb8525326739 created","level":"info"}
{"message":"Bookmark with id deb0b1e2-a136-48b6-a5c8-cecf108aa281 created","level":"info"}
{"message":"Bookmark with id ca5ed8f2-4d4f-49a5-a312-47f02056ea11 created","level":"info"}
{"message":"Bookmark with id 004dc3dd-87cf-40fa-9432-d0c9c0c64083 created","level":"info"}
{"message":"url is required","level":"error"}
{"message":"url is required","level":"error"}
{"message":"url is required","level":"error"}
{"message":"url is required","level":"error"}
{"message":"url is required","level":"error"}
{"message":"url is required","level":"error"}
{"message":"url is required","level":"error"}
{"message":"url is required","level":"error"}
{"message":"url is required","level":"error"}
{"message":"url is required","level":"error"}
{"message":"Invalid rating '3.4' supplied","level":"error"}
{"message":"Invalid rating '3.4' supplied","level":"error"}
{"message":"Invalid rating '3.4' supplied","level":"error"}
{"message":"Invalid url 'https//:www.newbookmak.com' supplied","level":"error"}
{"message":"Invalid url 'https//www.newbookmak.com' supplied","level":"error"}
{"message":"Invalid url 'https//newbookmak.com' supplied","level":"error"}
{"message":"Bookmark with id 9414c4c6-1925-4721-b9ed-5411929409ec created","level":"info"}
{"message":"Bookmark with id d1362021-2e0b-408c-ad26-2b0da5413f7b created","level":"info"}
{"message":"Bookmark with id 7639bc50-0a69-40ab-99fe-7c161f29268d created","level":"info"}
{"message":"Bookmark with id d6afe913-5aec-4620-a00b-cd0cca1a3d34 created","level":"info"}
{"message":"Bookmark with id 9bd6f752-d485-4392-bd14-cec6eeca6680 created","level":"info"}
{"message":"Bookmark with id 2bd42716-e19a-43e3-a298-8e27d0c82eba created","level":"info"}
{"message":"Bookmark with id 1 created.","level":"info"}
{"message":"Bookmark with id 1 created.","level":"info"}
{"message":"Bookmark with id 1 created.","level":"info"}
{"message":"Bookmark with id 1 created.","level":"info"}
{"message":"Bookmark with id 1 created.","level":"info"}
{"message":"Bookmark with id 1 created.","level":"info"}
{"message":"Bookmark with id 1 created.","level":"info"}
{"message":"Bookmark with id 1 created.","level":"info"}
{"message":"Bookmark with id 1 created.","level":"info"}
{"message":"Invalid rating '4.00' supplied","level":"error"}
{"message":"Invalid rating '4' supplied","level":"error"}
{"message":"Bookmark with id 1 created.","level":"info"}
{"message":"Bookmark with id 1 created.","level":"info"}
{"message":"Invalid rating '3.5' supplied","level":"error"}
{"message":"Bookmark with id 1 created.","level":"info"}
{"message":"Bookmark with id 1 created.","level":"info"}
{"message":"Bookmark with id 1 created.","level":"info"}
{"message":"Bookmark with id 1 created.","level":"info"}
{"message":"Bookmark with id 1 created.","level":"info"}
{"message":"Bookmark with id 1 created.","level":"info"}
{"message":"Bookmark with id 1 created.","level":"info"}
{"message":"Bookmark with id 1 created.","level":"info"}
{"message":"Bookmark with id 1 created.","level":"info"}
{"message":"Bookmark with id 1 created.","level":"info"}
{"message":"Bookmark with id 1 created.","level":"info"}
{"message":"Bookmark with id 1 created.","level":"info"}
{"message":"Bookmark with id 1 created.","level":"info"}
{"message":"Bookmark with id 1 created.","level":"info"}
{"message":"Bookmark with id 1 created.","level":"info"}
{"message":"Bookmark with id 1 created.","level":"info"}
{"message":"Bookmark with id 1 created.","level":"info"}
{"message":"Bookmark with id 1 created.","level":"info"}
{"message":"Bookmark with id 1 created.","level":"info"}
{"message":"Bookmark with id 1 created.","level":"info"}
{"message":"Bookmark with id 1 created.","level":"info"}
{"message":"Bookmark with id 1 created.","level":"info"}
{"message":"Bookmark with id 1 created.","level":"info"}
{"message":"Bookmark with id 1 created.","level":"info"}
{"message":"Bookmark with id 1 created.","level":"info"}
{"message":"Bookmark with id 1 created.","level":"info"}
{"message":"Bookmark with id 1 created.","level":"info"}
{"message":"Bookmark with id 1 created.","level":"info"}
{"message":"Bookmark with id 1 created.","level":"info"}
{"message":"Bookmark with id 1 created.","level":"info"}
{"message":"Bookmark with id 1 created.","level":"info"}
{"message":"Bookmark with id 1 created.","level":"info"}
{"message":"Bookmark with id 1 created.","level":"info"}
{"message":"Bookmark with id 1 created.","level":"info"}
{"message":"Bookmark with id 1 created.","level":"info"}
{"message":"Bookmark with id 1 created.","level":"info"}
{"message":"Bookmark with id 1 created.","level":"info"}
{"message":"Bookmark with id 1 created.","level":"info"}
{"message":"Bookmark with id 1 created.","level":"info"}
